
/home/runner/work/exp-parallel-distributed-processing-ii-iiith/exp-parallel-distributed-processing-ii-iiith/experiment/simulation/backend/venv/lib/python3.7/site-packages/werkzeug/debug/shared/debugger.js
    1:1   warning  '$' is not defined               no-undef
    2:8   warning  'EVALEX_TRUSTED' is not defined  no-undef
    9:7   warning  'CONSOLE_MODE' is not defined    no-undef
    9:23  warning  'EVALEX' is not defined          no-undef
   10:21  warning  '$' is not defined               no-undef
   13:3   warning  '$' is not defined               no-undef
   14:5   warning  '$' is not defined               no-undef
   17:3   warning  '$' is not defined               no-undef
   19:16  warning  '$' is not defined               no-undef
   24:7   warning  '$' is not defined               no-undef
   30:9   warning  'EVALEX' is not defined          no-undef
   31:7   warning  '$' is not defined               no-undef
   44:3   warning  '$' is not defined               no-undef
   45:5   warning  '$' is not defined               no-undef
   46:5   warning  '$' is not defined               no-undef
   48:3   warning  '$' is not defined               no-undef
   54:3   warning  '$' is not defined               no-undef
   58:63  warning  'EVALEX' is not defined          no-undef
   69:3   warning  '$' is not defined               no-undef
   71:19  warning  '$' is not defined               no-undef
   74:7   warning  '$' is not defined               no-undef
   77:49  warning  'TRACEBACK' is not defined       no-undef
   78:27  warning  'SECRET' is not defined          no-undef
   80:11  warning  '$' is not defined               no-undef
   83:21  warning  '$' is not defined               no-undef
   95:24  warning  '$' is not defined               no-undef
   96:30  warning  '$' is not defined               no-undef
  100:3   warning  '$' is not defined               no-undef
  105:5   warning  '$' is not defined               no-undef
  109:17  warning  'SECRET' is not defined          no-undef
  113:11  warning  'EVALEX_TRUSTED' is not defined  no-undef
  114:11  warning  '$' is not defined               no-undef
  133:8   warning  'EVALEX_TRUSTED' is not defined  no-undef
  134:5   warning  '$' is not defined               no-undef
  136:55  warning  'SECRET' is not defined          no-undef
  138:5   warning  '$' is not defined               no-undef
  139:7   warning  '$' is not defined               no-undef
  152:17  warning  '$' is not defined               no-undef
  156:16  warning  '$' is not defined               no-undef
  158:14  warning  '$' is not defined               no-undef
  161:7   warning  '$' is not defined               no-undef
  162:59  warning  'SECRET' is not defined          no-undef
  163:19  warning  '$' is not defined               no-undef
  164:9   warning  '$' is not defined               no-undef
  165:24  warning  '$' is not defined               no-undef
  168:21  warning  '$' is not defined               no-undef
  171:17  warning  '$' is not defined               no-undef
  189:17  warning  '$' is not defined               no-undef

/home/runner/work/exp-parallel-distributed-processing-ii-iiith/exp-parallel-distributed-processing-ii-iiith/experiment/simulation/backend/venv/lib/python3.7/site-packages/werkzeug/debug/shared/jquery.js
  2:71     warning  'module' is not defined                                                    no-undef
  2:86     warning  'module' is not defined                                                    no-undef
  2:5433   warning  Unexpected control character(s) in regular expression: \x1f, \x1f          no-control-regex
  2:5916   warning  Expected a conditional expression and instead saw an assignment            no-cond-assign
  2:6170   warning  Expected a conditional expression and instead saw an assignment            no-cond-assign
  2:6614   warning  Expected a conditional expression and instead saw an assignment            no-cond-assign
  2:7404   warning  Expected a conditional expression and instead saw an assignment            no-cond-assign
  2:9497   warning  Expected a conditional expression and instead saw an assignment            no-cond-assign
  2:9807   warning  Expected a conditional expression and instead saw an assignment            no-cond-assign
  2:11608  warning  Expected a conditional expression and instead saw an assignment            no-cond-assign
  2:12183  warning  Expected a conditional expression and instead saw an assignment            no-cond-assign
  2:12221  warning  Expected a conditional expression and instead saw an assignment            no-cond-assign
  2:13234  warning  Expected a conditional expression and instead saw an assignment            no-cond-assign
  2:13546  warning  Expected a conditional expression and instead saw an assignment            no-cond-assign
  2:15374  warning  Expected a conditional expression and instead saw an assignment            no-cond-assign
  2:15645  warning  Expected a conditional expression and instead saw an assignment            no-cond-assign
  2:15843  warning  Expected a conditional expression and instead saw an assignment            no-cond-assign
  2:16217  warning  Do not access Object.prototype method 'hasOwnProperty' from target object  no-prototype-builtins
  2:16907  warning  Expected a conditional expression and instead saw an assignment            no-cond-assign
  2:18727  warning  Expected a conditional expression and instead saw an assignment            no-cond-assign
  2:18827  warning  Expected a conditional expression and instead saw an assignment            no-cond-assign
  2:18887  warning  Expected a conditional expression and instead saw an assignment            no-cond-assign
  2:19071  warning  Expected a conditional expression and instead saw an assignment            no-cond-assign
  2:20240  warning  Expected a conditional expression and instead saw an assignment            no-cond-assign
  2:21514  warning  Expected a conditional expression and instead saw an assignment            no-cond-assign
  2:21625  warning  Expected a conditional expression and instead saw an assignment            no-cond-assign
  2:23791  warning  Unnecessary escape character: \/                                           no-useless-escape
  2:33395  warning  Empty block statement                                                      no-empty
  2:37269  warning  Unnecessary escape character: \/                                           no-useless-escape
  2:38490  warning  Expected a conditional expression and instead saw an assignment            no-cond-assign
  2:38606  warning  Expected a conditional expression and instead saw an assignment            no-cond-assign
  2:39234  warning  Empty block statement                                                      no-empty
  2:46727  warning  Unnecessary escape character: \/                                           no-useless-escape
  2:49033  warning  Expected a conditional expression and instead saw an assignment            no-cond-assign
  2:50593  warning  Empty block statement                                                      no-empty
  2:58406  warning  Expected a conditional expression and instead saw an assignment            no-cond-assign
  2:59575  warning  Expected a conditional expression and instead saw an assignment            no-cond-assign
  2:65215  warning  Expected a conditional expression and instead saw an assignment            no-cond-assign
  2:66958  warning  Expected a conditional expression and instead saw an assignment            no-cond-assign
  2:67024  warning  Expected a conditional expression and instead saw an assignment            no-cond-assign
  2:67328  warning  Expected a conditional expression and instead saw an assignment            no-cond-assign
  2:67394  warning  Expected a conditional expression and instead saw an assignment            no-cond-assign
  2:67801  warning  Expected a conditional expression and instead saw an assignment            no-cond-assign
  2:68078  warning  Expected a conditional expression and instead saw an assignment            no-cond-assign
  2:73449  warning  Expected a conditional expression and instead saw an assignment            no-cond-assign
  2:75043  warning  Expected a conditional expression and instead saw an assignment            no-cond-assign
  2:75823  warning  'r.href' is assigned to itself                                             no-self-assign
  2:80414  warning  Empty block statement                                                      no-empty
  2:83525  warning  Expected a conditional expression and instead saw an assignment            no-cond-assign
  2:87869  warning  'define' is not defined                                                    no-undef
  2:87881  warning  'define' is not defined                                                    no-undef

/home/runner/work/exp-parallel-distributed-processing-ii-iiith/exp-parallel-distributed-processing-ii-iiith/experiment/simulation/exp.js
   62:10   warning  'preload' is defined but never used        no-unused-vars
   68:10   warning  'setup' is defined but never used          no-unused-vars
   69:19   warning  'createCanvas' is not defined              no-undef
   71:5    warning  'smooth' is not defined                    no-undef
   72:5    warning  'noStroke' is not defined                  no-undef
   73:5    warning  'background' is not defined                no-undef
   86:10   warning  'draw' is defined but never used           no-unused-vars
   88:9    warning  'background' is not defined                no-undef
   92:9    warning  'background' is not defined                no-undef
   96:9    warning  'background' is not defined                no-undef
  100:9    warning  'background' is not defined                no-undef
  104:9    warning  'background' is not defined                no-undef
  108:9    warning  'background' is not defined                no-undef
  120:5    warning  'smooth' is not defined                    no-undef
  121:5    warning  'noStroke' is not defined                  no-undef
  122:5    warning  'fill' is not defined                      no-undef
  123:5    warning  'rect' is not defined                      no-undef
  124:5    warning  'noSmooth' is not defined                  no-undef
  125:5    warning  'fill' is not defined                      no-undef
  126:5    warning  'text' is not defined                      no-undef
  127:5    warning  'textSize' is not defined                  no-undef
  128:5    warning  'fill' is not defined                      no-undef
  129:5    warning  'noSmooth' is not defined                  no-undef
  130:5    warning  'text' is not defined                      no-undef
  131:5    warning  'text' is not defined                      no-undef
  133:5    warning  'fill' is not defined                      no-undef
  134:5    warning  'rect' is not defined                      no-undef
  137:13   warning  'textSize' is not defined                  no-undef
  138:13   warning  'fill' is not defined                      no-undef
  139:13   warning  'text' is not defined                      no-undef
  143:5    warning  'fill' is not defined                      no-undef
  144:5    warning  'rect' is not defined                      no-undef
  145:5    warning  'fill' is not defined                      no-undef
  146:5    warning  'rect' is not defined                      no-undef
  147:5    warning  'fill' is not defined                      no-undef
  148:5    warning  'textSize' is not defined                  no-undef
  149:5    warning  'text' is not defined                      no-undef
  152:5    warning  'textSize' is not defined                  no-undef
  153:5    warning  'fill' is not defined                      no-undef
  154:5    warning  'text' is not defined                      no-undef
  155:5    warning  'fill' is not defined                      no-undef
  156:5    warning  'rect' is not defined                      no-undef
  157:5    warning  'stroke' is not defined                    no-undef
  158:5    warning  'rect' is not defined                      no-undef
  159:5    warning  'textSize' is not defined                  no-undef
  160:5    warning  'fill' is not defined                      no-undef
  161:5    warning  'text' is not defined                      no-undef
  162:5    warning  'noStroke' is not defined                  no-undef
  163:5    warning  'textSize' is not defined                  no-undef
  164:5    warning  'fill' is not defined                      no-undef
  165:5    warning  'text' is not defined                      no-undef
  182:5    warning  'smooth' is not defined                    no-undef
  183:5    warning  'noStroke' is not defined                  no-undef
  184:5    warning  'fill' is not defined                      no-undef
  185:5    warning  'rect' is not defined                      no-undef
  186:5    warning  'noSmooth' is not defined                  no-undef
  187:5    warning  'fill' is not defined                      no-undef
  188:5    warning  'textSize' is not defined                  no-undef
  189:5    warning  'text' is not defined                      no-undef
  190:5    warning  'fill' is not defined                      no-undef
  191:5    warning  'stroke' is not defined                    no-undef
  192:5    warning  'rect' is not defined                      no-undef
  193:5    warning  'textSize' is not defined                  no-undef
  194:5    warning  'fill' is not defined                      no-undef
  195:5    warning  'text' is not defined                      no-undef
  196:5    warning  'fill' is not defined                      no-undef
  197:5    warning  'stroke' is not defined                    no-undef
  198:5    warning  'rect' is not defined                      no-undef
  199:5    warning  'textSize' is not defined                  no-undef
  200:5    warning  'fill' is not defined                      no-undef
  201:5    warning  'text' is not defined                      no-undef
  202:5    warning  'fill' is not defined                      no-undef
  203:5    warning  'stroke' is not defined                    no-undef
  204:5    warning  'rect' is not defined                      no-undef
  205:5    warning  'textSize' is not defined                  no-undef
  206:5    warning  'fill' is not defined                      no-undef
  207:5    warning  'text' is not defined                      no-undef
  211:5    warning  'smooth' is not defined                    no-undef
  212:5    warning  'noStroke' is not defined                  no-undef
  213:5    warning  'fill' is not defined                      no-undef
  214:5    warning  'rect' is not defined                      no-undef
  215:5    warning  'noSmooth' is not defined                  no-undef
  216:5    warning  'fill' is not defined                      no-undef
  217:5    warning  'textSize' is not defined                  no-undef
  218:5    warning  'text' is not defined                      no-undef
  220:9    warning  'stroke' is not defined                    no-undef
  222:13   warning  'fill' is not defined                      no-undef
  225:13   warning  'fill' is not defined                      no-undef
  227:9    warning  'rect' is not defined                      no-undef
  228:9    warning  'fill' is not defined                      no-undef
  229:9    warning  'textSize' is not defined                  no-undef
  231:13   warning  'text' is not defined                      no-undef
  234:13   warning  'text' is not defined                      no-undef
  241:56   warning  'fill' is not defined                      no-undef
  242:24   warning  'fill' is not defined                      no-undef
  245:56   warning  'fill' is not defined                      no-undef
  246:24   warning  'fill' is not defined                      no-undef
  249:55   warning  'fill' is not defined                      no-undef
  250:24   warning  'fill' is not defined                      no-undef
  253:17   warning  'fill' is not defined                      no-undef
  255:13   warning  'rect' is not defined                      no-undef
  256:13   warning  'fill' is not defined                      no-undef
  257:13   warning  'textSize' is not defined                  no-undef
  258:13   warning  'text' is not defined                      no-undef
  262:9    warning  'fill' is not defined                      no-undef
  263:9    warning  'textSize' is not defined                  no-undef
  264:9    warning  'text' is not defined                      no-undef
  271:25   warning  'fill' is not defined                      no-undef
  272:25   warning  'textSize' is not defined                  no-undef
  273:25   warning  'text' is not defined                      no-undef
  284:25   warning  'fill' is not defined                      no-undef
  285:25   warning  'textSize' is not defined                  no-undef
  286:25   warning  'text' is not defined                      no-undef
  297:25   warning  'fill' is not defined                      no-undef
  298:25   warning  'textSize' is not defined                  no-undef
  299:25   warning  'text' is not defined                      no-undef
  311:5    warning  'fill' is not defined                      no-undef
  312:5    warning  'rect' is not defined                      no-undef
  313:5    warning  'fill' is not defined                      no-undef
  314:5    warning  'textSize' is not defined                  no-undef
  315:5    warning  'text' is not defined                      no-undef
  316:5    warning  'fill' is not defined                      no-undef
  317:5    warning  'rect' is not defined                      no-undef
  318:5    warning  'fill' is not defined                      no-undef
  319:5    warning  'textSize' is not defined                  no-undef
  320:5    warning  'text' is not defined                      no-undef
  321:5    warning  'fill' is not defined                      no-undef
  322:5    warning  'rect' is not defined                      no-undef
  323:5    warning  'fill' is not defined                      no-undef
  324:5    warning  'textSize' is not defined                  no-undef
  325:5    warning  'text' is not defined                      no-undef
  330:13   warning  'mouseX' is not defined                    no-undef
  330:39   warning  'mouseX' is not defined                    no-undef
  330:65   warning  'mouseY' is not defined                    no-undef
  330:80   warning  'mouseY' is not defined                    no-undef
  373:17   warning  'mouseX' is not defined                    no-undef
  373:41   warning  'mouseX' is not defined                    no-undef
  373:71   warning  'mouseY' is not defined                    no-undef
  373:95   warning  'mouseY' is not defined                    no-undef
  392:5    warning  'smooth' is not defined                    no-undef
  393:5    warning  'noStroke' is not defined                  no-undef
  394:5    warning  'fill' is not defined                      no-undef
  395:5    warning  'rect' is not defined                      no-undef
  396:5    warning  'noSmooth' is not defined                  no-undef
  397:5    warning  'fill' is not defined                      no-undef
  398:5    warning  'textSize' is not defined                  no-undef
  399:5    warning  'text' is not defined                      no-undef
  404:5    warning  'fill' is not defined                      no-undef
  405:5    warning  'rect' is not defined                      no-undef
  406:5    warning  'stroke' is not defined                    no-undef
  407:5    warning  'rect' is not defined                      no-undef
  408:5    warning  'noStroke' is not defined                  no-undef
  414:13   warning  'fill' is not defined                      no-undef
  415:13   warning  'rect' is not defined                      no-undef
  416:13   warning  'fill' is not defined                      no-undef
  417:13   warning  'textSize' is not defined                  no-undef
  418:13   warning  'text' is not defined                      no-undef
  422:5    warning  'noSmooth' is not defined                  no-undef
  423:5    warning  'fill' is not defined                      no-undef
  424:5    warning  'rect' is not defined                      no-undef
  425:5    warning  'fill' is not defined                      no-undef
  426:5    warning  'rect' is not defined                      no-undef
  427:5    warning  'textSize' is not defined                  no-undef
  428:5    warning  'fill' is not defined                      no-undef
  429:5    warning  'text' is not defined                      no-undef
  430:5    warning  'textSize' is not defined                  no-undef
  431:5    warning  'fill' is not defined                      no-undef
  432:5    warning  'text' is not defined                      no-undef
  537:30   warning  'int' is not defined                       no-undef
  540:21   warning  'fill' is not defined                      no-undef
  541:21   warning  'rect' is not defined                      no-undef
  560:17   warning  'mouseX' is not defined                    no-undef
  560:44   warning  'mouseX' is not defined                    no-undef
  560:76   warning  'mouseY' is not defined                    no-undef
  560:103  warning  'mouseY' is not defined                    no-undef
  561:17   warning  'fill' is not defined                      no-undef
  562:17   warning  'rect' is not defined                      no-undef
  563:17   warning  'fill' is not defined                      no-undef
  564:17   warning  'rect' is not defined                      no-undef
  565:17   warning  'fill' is not defined                      no-undef
  566:17   warning  'textSize' is not defined                  no-undef
  567:17   warning  'text' is not defined                      no-undef
  569:17   warning  'fill' is not defined                      no-undef
  571:21   warning  'stroke' is not defined                    no-undef
  573:21   warning  'noStroke' is not defined                  no-undef
  575:25   warning  'stroke' is not defined                    no-undef
  577:25   warning  'noStroke' is not defined                  no-undef
  579:34   warning  'int' is not defined                       no-undef
  580:25   warning  'fill' is not defined                      no-undef
  583:25   warning  'rect' is not defined                      no-undef
  586:17   warning  'noStroke' is not defined                  no-undef
  594:5    warning  'smooth' is not defined                    no-undef
  595:5    warning  'noStroke' is not defined                  no-undef
  596:5    warning  'fill' is not defined                      no-undef
  597:5    warning  'rect' is not defined                      no-undef
  598:5    warning  'noSmooth' is not defined                  no-undef
  599:5    warning  'fill' is not defined                      no-undef
  600:5    warning  'textSize' is not defined                  no-undef
  601:5    warning  'text' is not defined                      no-undef
  602:5    warning  'fill' is not defined                      no-undef
  603:5    warning  'rect' is not defined                      no-undef
  604:5    warning  'stroke' is not defined                    no-undef
  605:5    warning  'rect' is not defined                      no-undef
  606:5    warning  'textSize' is not defined                  no-undef
  607:5    warning  'fill' is not defined                      no-undef
  608:5    warning  'text' is not defined                      no-undef
  610:5    warning  'fill' is not defined                      no-undef
  611:5    warning  'rect' is not defined                      no-undef
  612:5    warning  'stroke' is not defined                    no-undef
  613:5    warning  'rect' is not defined                      no-undef
  615:5    warning  'textSize' is not defined                  no-undef
  616:5    warning  'fill' is not defined                      no-undef
  617:5    warning  'text' is not defined                      no-undef
  618:5    warning  'fill' is not defined                      no-undef
  619:5    warning  'rect' is not defined                      no-undef
  620:5    warning  'stroke' is not defined                    no-undef
  621:5    warning  'rect' is not defined                      no-undef
  623:5    warning  'textSize' is not defined                  no-undef
  624:5    warning  'fill' is not defined                      no-undef
  625:5    warning  'text' is not defined                      no-undef
  626:5    warning  'textSize' is not defined                  no-undef
  627:5    warning  'fill' is not defined                      no-undef
  628:5    warning  'text' is not defined                      no-undef
  632:17   warning  'fill' is not defined                      no-undef
  635:17   warning  'fill' is not defined                      no-undef
  637:13   warning  'rect' is not defined                      no-undef
  638:13   warning  'fill' is not defined                      no-undef
  639:13   warning  'textSize' is not defined                  no-undef
  640:13   warning  'text' is not defined                      no-undef
  652:17   warning  'mouseX' is not defined                    no-undef
  652:41   warning  'mouseX' is not defined                    no-undef
  652:71   warning  'mouseY' is not defined                    no-undef
  652:101  warning  'mouseY' is not defined                    no-undef
  739:5    warning  'stroke' is not defined                    no-undef
  740:5    warning  'fill' is not defined                      no-undef
  741:5    warning  'rect' is not defined                      no-undef
  742:5    warning  'rect' is not defined                      no-undef
  743:5    warning  'noStroke' is not defined                  no-undef
  748:9    warning  'fill' is not defined                      no-undef
  749:9    warning  'textSize' is not defined                  no-undef
  750:9    warning  'text' is not defined                      no-undef
  751:9    warning  'text' is not defined                      no-undef
  755:13   warning  'stroke' is not defined                    no-undef
  756:25   warning  'int' is not defined                       no-undef
  757:25   warning  'int' is not defined                       no-undef
  760:21   warning  'fill' is not defined                      no-undef
  761:21   warning  'rect' is not defined                      no-undef
  762:21   warning  'fill' is not defined                      no-undef
  763:21   warning  'rect' is not defined                      no-undef
  766:21   warning  'fill' is not defined                      no-undef
  767:21   warning  'rect' is not defined                      no-undef
  768:21   warning  'fill' is not defined                      no-undef
  769:21   warning  'rect' is not defined                      no-undef
  773:17   warning  'fill' is not defined                      no-undef
  774:17   warning  'rect' is not defined                      no-undef
  775:17   warning  'fill' is not defined                      no-undef
  776:17   warning  'rect' is not defined                      no-undef
  779:13   warning  'noFill' is not defined                    no-undef
  780:13   warning  'noStroke' is not defined                  no-undef
  796:10   warning  'mouseReleased' is defined but never used  no-unused-vars
  798:13   warning  'mouseY' is not defined                    no-undef
  798:28   warning  'mouseY' is not defined                    no-undef
  798:43   warning  'mouseX' is not defined                    no-undef
  798:59   warning  'mouseX' is not defined                    no-undef
  801:18   warning  'mouseY' is not defined                    no-undef
  801:34   warning  'mouseY' is not defined                    no-undef
  801:50   warning  'mouseX' is not defined                    no-undef
  801:66   warning  'mouseX' is not defined                    no-undef
  806:13   warning  'mouseX' is not defined                    no-undef
  806:29   warning  'mouseX' is not defined                    no-undef
  806:45   warning  'mouseY' is not defined                    no-undef
  806:61   warning  'mouseY' is not defined                    no-undef
  809:18   warning  'mouseX' is not defined                    no-undef
  809:34   warning  'mouseX' is not defined                    no-undef
  809:56   warning  'mouseY' is not defined                    no-undef
  809:72   warning  'mouseY' is not defined                    no-undef
  812:18   warning  'mouseX' is not defined                    no-undef
  812:34   warning  'mouseX' is not defined                    no-undef
  812:50   warning  'mouseY' is not defined                    no-undef
  812:66   warning  'mouseY' is not defined                    no-undef
  817:13   warning  'mouseY' is not defined                    no-undef
  817:29   warning  'mouseY' is not defined                    no-undef
  817:45   warning  'mouseX' is not defined                    no-undef
  817:61   warning  'mouseX' is not defined                    no-undef
  822:13   warning  'mouseX' is not defined                    no-undef
  822:29   warning  'mouseX' is not defined                    no-undef
  822:45   warning  'mouseY' is not defined                    no-undef
  822:60   warning  'mouseY' is not defined                    no-undef
  825:18   warning  'mouseX' is not defined                    no-undef
  825:33   warning  'mouseX' is not defined                    no-undef
  825:49   warning  'mouseY' is not defined                    no-undef
  825:64   warning  'mouseY' is not defined                    no-undef
  829:18   warning  'mouseX' is not defined                    no-undef
  829:33   warning  'mouseX' is not defined                    no-undef
  829:49   warning  'mouseY' is not defined                    no-undef
  829:65   warning  'mouseY' is not defined                    no-undef
  840:18   warning  'mouseX' is not defined                    no-undef
  840:34   warning  'mouseX' is not defined                    no-undef
  840:50   warning  'mouseY' is not defined                    no-undef
  840:66   warning  'mouseY' is not defined                    no-undef
  843:17   warning  'mouseX' is not defined                    no-undef
  843:29   warning  'mouseX' is not defined                    no-undef
  843:41   warning  'mouseY' is not defined                    no-undef
  843:53   warning  'mouseY' is not defined                    no-undef
  852:13   warning  'mouseY' is not defined                    no-undef
  852:29   warning  'mouseY' is not defined                    no-undef
  852:45   warning  'mouseX' is not defined                    no-undef
  852:61   warning  'mouseX' is not defined                    no-undef
  857:13   warning  'mouseX' is not defined                    no-undef
  857:28   warning  'mouseX' is not defined                    no-undef
  857:44   warning  'mouseY' is not defined                    no-undef
  857:59   warning  'mouseY' is not defined                    no-undef
  860:18   warning  'mouseX' is not defined                    no-undef
  860:34   warning  'mouseX' is not defined                    no-undef
  860:50   warning  'mouseY' is not defined                    no-undef
  860:66   warning  'mouseY' is not defined                    no-undef
  863:18   warning  'mouseX' is not defined                    no-undef
  863:34   warning  'mouseX' is not defined                    no-undef
  863:50   warning  'mouseY' is not defined                    no-undef
  863:66   warning  'mouseY' is not defined                    no-undef
  875:17   warning  'mouseX' is not defined                    no-undef
  875:31   warning  'mouseX' is not defined                    no-undef
  875:45   warning  'mouseY' is not defined                    no-undef
  875:59   warning  'mouseY' is not defined                    no-undef

/home/runner/work/exp-parallel-distributed-processing-ii-iiith/exp-parallel-distributed-processing-ii-iiith/experiment/simulation/pdp2.js
   56:10   warning  'preload' is defined but never used        no-unused-vars
   61:10   warning  'setup' is defined but never used          no-unused-vars
   62:19   warning  'createCanvas' is not defined              no-undef
   64:5    warning  'smooth' is not defined                    no-undef
   65:5    warning  'noStroke' is not defined                  no-undef
   66:5    warning  'background' is not defined                no-undef
   79:10   warning  'draw' is defined but never used           no-unused-vars
   81:9    warning  'background' is not defined                no-undef
   85:9    warning  'background' is not defined                no-undef
   89:9    warning  'background' is not defined                no-undef
   93:9    warning  'background' is not defined                no-undef
   97:9    warning  'background' is not defined                no-undef
  101:9    warning  'background' is not defined                no-undef
  113:5    warning  'smooth' is not defined                    no-undef
  114:5    warning  'noStroke' is not defined                  no-undef
  115:5    warning  'fill' is not defined                      no-undef
  116:5    warning  'rect' is not defined                      no-undef
  117:5    warning  'noSmooth' is not defined                  no-undef
  118:5    warning  'fill' is not defined                      no-undef
  119:5    warning  'text' is not defined                      no-undef
  120:5    warning  'textSize' is not defined                  no-undef
  121:5    warning  'fill' is not defined                      no-undef
  122:5    warning  'noSmooth' is not defined                  no-undef
  123:5    warning  'text' is not defined                      no-undef
  124:5    warning  'text' is not defined                      no-undef
  126:5    warning  'fill' is not defined                      no-undef
  127:5    warning  'rect' is not defined                      no-undef
  130:13   warning  'textSize' is not defined                  no-undef
  131:13   warning  'fill' is not defined                      no-undef
  132:13   warning  'text' is not defined                      no-undef
  136:5    warning  'fill' is not defined                      no-undef
  137:5    warning  'rect' is not defined                      no-undef
  138:5    warning  'fill' is not defined                      no-undef
  139:5    warning  'rect' is not defined                      no-undef
  140:5    warning  'fill' is not defined                      no-undef
  141:5    warning  'textSize' is not defined                  no-undef
  142:5    warning  'text' is not defined                      no-undef
  145:5    warning  'textSize' is not defined                  no-undef
  146:5    warning  'fill' is not defined                      no-undef
  147:5    warning  'text' is not defined                      no-undef
  148:5    warning  'fill' is not defined                      no-undef
  149:5    warning  'rect' is not defined                      no-undef
  150:5    warning  'stroke' is not defined                    no-undef
  151:5    warning  'rect' is not defined                      no-undef
  152:5    warning  'textSize' is not defined                  no-undef
  153:5    warning  'fill' is not defined                      no-undef
  154:5    warning  'text' is not defined                      no-undef
  155:5    warning  'noStroke' is not defined                  no-undef
  156:5    warning  'textSize' is not defined                  no-undef
  157:5    warning  'fill' is not defined                      no-undef
  158:5    warning  'text' is not defined                      no-undef
  176:5    warning  'smooth' is not defined                    no-undef
  177:5    warning  'noStroke' is not defined                  no-undef
  178:5    warning  'fill' is not defined                      no-undef
  179:5    warning  'rect' is not defined                      no-undef
  180:5    warning  'noSmooth' is not defined                  no-undef
  181:5    warning  'fill' is not defined                      no-undef
  182:5    warning  'textSize' is not defined                  no-undef
  183:5    warning  'text' is not defined                      no-undef
  184:5    warning  'fill' is not defined                      no-undef
  185:5    warning  'stroke' is not defined                    no-undef
  186:5    warning  'rect' is not defined                      no-undef
  187:5    warning  'textSize' is not defined                  no-undef
  188:5    warning  'fill' is not defined                      no-undef
  189:5    warning  'text' is not defined                      no-undef
  190:5    warning  'fill' is not defined                      no-undef
  191:5    warning  'stroke' is not defined                    no-undef
  192:5    warning  'rect' is not defined                      no-undef
  193:5    warning  'textSize' is not defined                  no-undef
  194:5    warning  'fill' is not defined                      no-undef
  195:5    warning  'text' is not defined                      no-undef
  196:5    warning  'fill' is not defined                      no-undef
  197:5    warning  'stroke' is not defined                    no-undef
  198:5    warning  'rect' is not defined                      no-undef
  199:5    warning  'textSize' is not defined                  no-undef
  200:5    warning  'fill' is not defined                      no-undef
  201:5    warning  'text' is not defined                      no-undef
  205:5    warning  'smooth' is not defined                    no-undef
  206:5    warning  'noStroke' is not defined                  no-undef
  207:5    warning  'fill' is not defined                      no-undef
  208:5    warning  'rect' is not defined                      no-undef
  209:5    warning  'noSmooth' is not defined                  no-undef
  210:5    warning  'fill' is not defined                      no-undef
  211:5    warning  'textSize' is not defined                  no-undef
  212:5    warning  'text' is not defined                      no-undef
  214:9    warning  'stroke' is not defined                    no-undef
  216:13   warning  'fill' is not defined                      no-undef
  219:13   warning  'fill' is not defined                      no-undef
  221:9    warning  'rect' is not defined                      no-undef
  222:9    warning  'fill' is not defined                      no-undef
  223:9    warning  'textSize' is not defined                  no-undef
  225:13   warning  'text' is not defined                      no-undef
  228:13   warning  'text' is not defined                      no-undef
  235:56   warning  'fill' is not defined                      no-undef
  236:24   warning  'fill' is not defined                      no-undef
  239:56   warning  'fill' is not defined                      no-undef
  240:24   warning  'fill' is not defined                      no-undef
  243:55   warning  'fill' is not defined                      no-undef
  244:24   warning  'fill' is not defined                      no-undef
  247:17   warning  'fill' is not defined                      no-undef
  249:13   warning  'rect' is not defined                      no-undef
  250:13   warning  'fill' is not defined                      no-undef
  251:13   warning  'textSize' is not defined                  no-undef
  252:13   warning  'text' is not defined                      no-undef
  256:9    warning  'fill' is not defined                      no-undef
  257:9    warning  'textSize' is not defined                  no-undef
  258:9    warning  'text' is not defined                      no-undef
  265:25   warning  'fill' is not defined                      no-undef
  266:25   warning  'textSize' is not defined                  no-undef
  267:25   warning  'text' is not defined                      no-undef
  278:25   warning  'fill' is not defined                      no-undef
  279:25   warning  'textSize' is not defined                  no-undef
  280:25   warning  'text' is not defined                      no-undef
  291:25   warning  'fill' is not defined                      no-undef
  292:25   warning  'textSize' is not defined                  no-undef
  293:25   warning  'text' is not defined                      no-undef
  305:5    warning  'fill' is not defined                      no-undef
  306:5    warning  'rect' is not defined                      no-undef
  307:5    warning  'fill' is not defined                      no-undef
  308:5    warning  'textSize' is not defined                  no-undef
  309:5    warning  'text' is not defined                      no-undef
  310:5    warning  'fill' is not defined                      no-undef
  311:5    warning  'rect' is not defined                      no-undef
  312:5    warning  'fill' is not defined                      no-undef
  313:5    warning  'textSize' is not defined                  no-undef
  314:5    warning  'text' is not defined                      no-undef
  315:5    warning  'fill' is not defined                      no-undef
  316:5    warning  'rect' is not defined                      no-undef
  317:5    warning  'fill' is not defined                      no-undef
  318:5    warning  'textSize' is not defined                  no-undef
  319:5    warning  'text' is not defined                      no-undef
  324:13   warning  'mouseX' is not defined                    no-undef
  324:39   warning  'mouseX' is not defined                    no-undef
  324:65   warning  'mouseY' is not defined                    no-undef
  324:80   warning  'mouseY' is not defined                    no-undef
  371:17   warning  'mouseX' is not defined                    no-undef
  371:41   warning  'mouseX' is not defined                    no-undef
  371:71   warning  'mouseY' is not defined                    no-undef
  371:95   warning  'mouseY' is not defined                    no-undef
  390:5    warning  'smooth' is not defined                    no-undef
  391:5    warning  'noStroke' is not defined                  no-undef
  392:5    warning  'fill' is not defined                      no-undef
  393:5    warning  'rect' is not defined                      no-undef
  394:5    warning  'noSmooth' is not defined                  no-undef
  395:5    warning  'fill' is not defined                      no-undef
  396:5    warning  'textSize' is not defined                  no-undef
  397:5    warning  'text' is not defined                      no-undef
  402:5    warning  'fill' is not defined                      no-undef
  403:5    warning  'rect' is not defined                      no-undef
  404:5    warning  'stroke' is not defined                    no-undef
  405:5    warning  'rect' is not defined                      no-undef
  406:5    warning  'noStroke' is not defined                  no-undef
  412:13   warning  'fill' is not defined                      no-undef
  413:13   warning  'rect' is not defined                      no-undef
  414:13   warning  'fill' is not defined                      no-undef
  415:13   warning  'textSize' is not defined                  no-undef
  416:13   warning  'text' is not defined                      no-undef
  420:5    warning  'noSmooth' is not defined                  no-undef
  421:5    warning  'fill' is not defined                      no-undef
  422:5    warning  'rect' is not defined                      no-undef
  423:5    warning  'fill' is not defined                      no-undef
  424:5    warning  'rect' is not defined                      no-undef
  425:5    warning  'textSize' is not defined                  no-undef
  426:5    warning  'fill' is not defined                      no-undef
  427:5    warning  'text' is not defined                      no-undef
  428:5    warning  'textSize' is not defined                  no-undef
  429:5    warning  'fill' is not defined                      no-undef
  430:5    warning  'text' is not defined                      no-undef
  538:30   warning  'int' is not defined                       no-undef
  544:21   warning  'fill' is not defined                      no-undef
  545:21   warning  'rect' is not defined                      no-undef
  565:17   warning  'mouseX' is not defined                    no-undef
  565:44   warning  'mouseX' is not defined                    no-undef
  565:76   warning  'mouseY' is not defined                    no-undef
  565:103  warning  'mouseY' is not defined                    no-undef
  566:17   warning  'fill' is not defined                      no-undef
  567:17   warning  'rect' is not defined                      no-undef
  568:17   warning  'fill' is not defined                      no-undef
  569:17   warning  'rect' is not defined                      no-undef
  570:17   warning  'fill' is not defined                      no-undef
  571:17   warning  'textSize' is not defined                  no-undef
  572:17   warning  'text' is not defined                      no-undef
  574:17   warning  'fill' is not defined                      no-undef
  576:21   warning  'stroke' is not defined                    no-undef
  578:21   warning  'noStroke' is not defined                  no-undef
  580:25   warning  'stroke' is not defined                    no-undef
  582:25   warning  'noStroke' is not defined                  no-undef
  584:34   warning  'int' is not defined                       no-undef
  585:25   warning  'fill' is not defined                      no-undef
  588:25   warning  'rect' is not defined                      no-undef
  591:17   warning  'noStroke' is not defined                  no-undef
  599:5    warning  'smooth' is not defined                    no-undef
  600:5    warning  'noStroke' is not defined                  no-undef
  601:5    warning  'fill' is not defined                      no-undef
  602:5    warning  'rect' is not defined                      no-undef
  603:5    warning  'noSmooth' is not defined                  no-undef
  604:5    warning  'fill' is not defined                      no-undef
  605:5    warning  'textSize' is not defined                  no-undef
  606:5    warning  'text' is not defined                      no-undef
  607:5    warning  'fill' is not defined                      no-undef
  608:5    warning  'rect' is not defined                      no-undef
  609:5    warning  'stroke' is not defined                    no-undef
  610:5    warning  'rect' is not defined                      no-undef
  611:5    warning  'textSize' is not defined                  no-undef
  612:5    warning  'fill' is not defined                      no-undef
  613:5    warning  'text' is not defined                      no-undef
  615:5    warning  'fill' is not defined                      no-undef
  616:5    warning  'rect' is not defined                      no-undef
  617:5    warning  'stroke' is not defined                    no-undef
  618:5    warning  'rect' is not defined                      no-undef
  620:5    warning  'textSize' is not defined                  no-undef
  621:5    warning  'fill' is not defined                      no-undef
  622:5    warning  'text' is not defined                      no-undef
  623:5    warning  'fill' is not defined                      no-undef
  624:5    warning  'rect' is not defined                      no-undef
  625:5    warning  'stroke' is not defined                    no-undef
  626:5    warning  'rect' is not defined                      no-undef
  628:5    warning  'textSize' is not defined                  no-undef
  629:5    warning  'fill' is not defined                      no-undef
  630:5    warning  'text' is not defined                      no-undef
  631:5    warning  'textSize' is not defined                  no-undef
  632:5    warning  'fill' is not defined                      no-undef
  633:5    warning  'text' is not defined                      no-undef
  637:17   warning  'fill' is not defined                      no-undef
  640:17   warning  'fill' is not defined                      no-undef
  642:13   warning  'rect' is not defined                      no-undef
  643:13   warning  'fill' is not defined                      no-undef
  644:13   warning  'textSize' is not defined                  no-undef
  645:13   warning  'text' is not defined                      no-undef
  657:17   warning  'mouseX' is not defined                    no-undef
  657:41   warning  'mouseX' is not defined                    no-undef
  657:71   warning  'mouseY' is not defined                    no-undef
  657:101  warning  'mouseY' is not defined                    no-undef
  744:5    warning  'stroke' is not defined                    no-undef
  745:5    warning  'fill' is not defined                      no-undef
  746:5    warning  'rect' is not defined                      no-undef
  747:5    warning  'rect' is not defined                      no-undef
  748:5    warning  'noStroke' is not defined                  no-undef
  753:9    warning  'fill' is not defined                      no-undef
  754:9    warning  'textSize' is not defined                  no-undef
  755:9    warning  'text' is not defined                      no-undef
  756:9    warning  'text' is not defined                      no-undef
  760:13   warning  'stroke' is not defined                    no-undef
  761:25   warning  'int' is not defined                       no-undef
  762:25   warning  'int' is not defined                       no-undef
  765:21   warning  'fill' is not defined                      no-undef
  766:21   warning  'rect' is not defined                      no-undef
  767:21   warning  'fill' is not defined                      no-undef
  768:21   warning  'rect' is not defined                      no-undef
  771:21   warning  'fill' is not defined                      no-undef
  772:21   warning  'rect' is not defined                      no-undef
  773:21   warning  'fill' is not defined                      no-undef
  774:21   warning  'rect' is not defined                      no-undef
  778:17   warning  'fill' is not defined                      no-undef
  779:17   warning  'rect' is not defined                      no-undef
  780:17   warning  'fill' is not defined                      no-undef
  781:17   warning  'rect' is not defined                      no-undef
  784:13   warning  'noFill' is not defined                    no-undef
  785:13   warning  'noStroke' is not defined                  no-undef
  801:10   warning  'mouseReleased' is defined but never used  no-unused-vars
  803:13   warning  'mouseY' is not defined                    no-undef
  803:28   warning  'mouseY' is not defined                    no-undef
  803:43   warning  'mouseX' is not defined                    no-undef
  803:59   warning  'mouseX' is not defined                    no-undef
  806:18   warning  'mouseY' is not defined                    no-undef
  806:34   warning  'mouseY' is not defined                    no-undef
  806:50   warning  'mouseX' is not defined                    no-undef
  806:66   warning  'mouseX' is not defined                    no-undef
  811:13   warning  'mouseX' is not defined                    no-undef
  811:29   warning  'mouseX' is not defined                    no-undef
  811:45   warning  'mouseY' is not defined                    no-undef
  811:61   warning  'mouseY' is not defined                    no-undef
  814:18   warning  'mouseX' is not defined                    no-undef
  814:34   warning  'mouseX' is not defined                    no-undef
  814:56   warning  'mouseY' is not defined                    no-undef
  814:72   warning  'mouseY' is not defined                    no-undef
  817:18   warning  'mouseX' is not defined                    no-undef
  817:34   warning  'mouseX' is not defined                    no-undef
  817:50   warning  'mouseY' is not defined                    no-undef
  817:66   warning  'mouseY' is not defined                    no-undef
  822:13   warning  'mouseY' is not defined                    no-undef
  822:29   warning  'mouseY' is not defined                    no-undef
  822:45   warning  'mouseX' is not defined                    no-undef
  822:61   warning  'mouseX' is not defined                    no-undef
  827:13   warning  'mouseX' is not defined                    no-undef
  827:29   warning  'mouseX' is not defined                    no-undef
  827:45   warning  'mouseY' is not defined                    no-undef
  827:60   warning  'mouseY' is not defined                    no-undef
  830:18   warning  'mouseX' is not defined                    no-undef
  830:33   warning  'mouseX' is not defined                    no-undef
  830:49   warning  'mouseY' is not defined                    no-undef
  830:64   warning  'mouseY' is not defined                    no-undef
  834:18   warning  'mouseX' is not defined                    no-undef
  834:33   warning  'mouseX' is not defined                    no-undef
  834:49   warning  'mouseY' is not defined                    no-undef
  834:65   warning  'mouseY' is not defined                    no-undef
  845:18   warning  'mouseX' is not defined                    no-undef
  845:34   warning  'mouseX' is not defined                    no-undef
  845:50   warning  'mouseY' is not defined                    no-undef
  845:66   warning  'mouseY' is not defined                    no-undef
  848:17   warning  'mouseX' is not defined                    no-undef
  848:29   warning  'mouseX' is not defined                    no-undef
  848:41   warning  'mouseY' is not defined                    no-undef
  848:53   warning  'mouseY' is not defined                    no-undef
  857:13   warning  'mouseY' is not defined                    no-undef
  857:29   warning  'mouseY' is not defined                    no-undef
  857:45   warning  'mouseX' is not defined                    no-undef
  857:61   warning  'mouseX' is not defined                    no-undef
  862:13   warning  'mouseX' is not defined                    no-undef
  862:28   warning  'mouseX' is not defined                    no-undef
  862:44   warning  'mouseY' is not defined                    no-undef
  862:59   warning  'mouseY' is not defined                    no-undef
  865:18   warning  'mouseX' is not defined                    no-undef
  865:34   warning  'mouseX' is not defined                    no-undef
  865:50   warning  'mouseY' is not defined                    no-undef
  865:66   warning  'mouseY' is not defined                    no-undef
  868:18   warning  'mouseX' is not defined                    no-undef
  868:34   warning  'mouseX' is not defined                    no-undef
  868:50   warning  'mouseY' is not defined                    no-undef
  868:66   warning  'mouseY' is not defined                    no-undef
  880:17   warning  'mouseX' is not defined                    no-undef
  880:31   warning  'mouseX' is not defined                    no-undef
  880:45   warning  'mouseY' is not defined                    no-undef
  880:59   warning  'mouseY' is not defined                    no-undef

✖ 747 problems (0 errors, 747 warnings)

